2025-04-13 20:12:51.293969 - Received CBT.V508.FILE498.PDS from FILE498.XMI 
2025-04-13 20:12:51.294953 - Found $$$#DATE.txt (text/plain) in CBT.V508.FILE498.PDS, moved to PDS/$$$#DATE
2025-04-13 20:12:51.295080 - Found $DOC.txt (text/plain) in CBT.V508.FILE498.PDS, moved to PDS/$DOC
2025-04-13 20:12:51.295161 - Found $README.txt (text/plain) in CBT.V508.FILE498.PDS, moved to PDS/$README
2025-04-13 20:12:51.295229 - Found @FILE498.txt (text/plain) in CBT.V508.FILE498.PDS, moved to PDS/@FILE498
2025-04-13 20:12:51.295287 - Found JRETURND.txt (text/plain) in CBT.V508.FILE498.PDS, moved to PDS/JRETURND
2025-04-13 20:12:51.295365 - Found JSAVED.txt (text/plain) in CBT.V508.FILE498.PDS, moved to PDS/JSAVED
2025-04-13 20:12:51.295494 - Found MTCHMRG.txt (text/plain) in CBT.V508.FILE498.PDS, moved to PDS/MTCHMRG
2025-04-13 20:12:51.295558 - Found REGISTER.txt (text/plain) in CBT.V508.FILE498.PDS, moved to PDS/REGISTER
2025-04-13 20:12:51.296134 - Found TESTDATA.xmi (application/xmit) in CBT.V508.FILE498.PDS, moved to PDS/TESTDATA.xmi
2025-04-13 20:12:51.779730 - Received DOTCWS.DDNAME.INPUT01 from TESTDATA.xmi 
2025-04-13 20:12:51.784393 - Found $README.txt (text/plain) in DOTCWS.DDNAME.INPUT01, moved to TESTDATA/$README
2025-04-13 20:12:51.784471 - Found @001S1.txt (text/plain) in DOTCWS.DDNAME.INPUT01, moved to TESTDATA/@001S1
2025-04-13 20:12:51.784543 - Found @001S2.txt (text/plain) in DOTCWS.DDNAME.INPUT01, moved to TESTDATA/@001S2
2025-04-13 20:12:51.784617 - Found @002S1.txt (text/plain) in DOTCWS.DDNAME.INPUT01, moved to TESTDATA/@002S1
2025-04-13 20:12:51.784678 - Found @002S2.txt (text/plain) in DOTCWS.DDNAME.INPUT01, moved to TESTDATA/@002S2
2025-04-13 20:12:51.784736 - Found @003S1.txt (text/plain) in DOTCWS.DDNAME.INPUT01, moved to TESTDATA/@003S1
2025-04-13 20:12:51.784791 - Found @003S2.txt (text/plain) in DOTCWS.DDNAME.INPUT01, moved to TESTDATA/@003S2
2025-04-13 20:12:51.784847 - Found @004S1.txt (text/plain) in DOTCWS.DDNAME.INPUT01, moved to TESTDATA/@004S1
2025-04-13 20:12:51.784914 - Found @004S2.txt (text/plain) in DOTCWS.DDNAME.INPUT01, moved to TESTDATA/@004S2
2025-04-13 20:12:51.784972 - Found @005S1.txt (text/plain) in DOTCWS.DDNAME.INPUT01, moved to TESTDATA/@005S1
2025-04-13 20:12:51.785028 - Found @005S2.txt (text/plain) in DOTCWS.DDNAME.INPUT01, moved to TESTDATA/@005S2
2025-04-13 20:12:51.785085 - Found @006S1.txt (text/plain) in DOTCWS.DDNAME.INPUT01, moved to TESTDATA/@006S1
2025-04-13 20:12:51.785156 - Found @006S2.txt (text/plain) in DOTCWS.DDNAME.INPUT01, moved to TESTDATA/@006S2
2025-04-13 20:12:51.785218 - Found @007S1.txt (text/plain) in DOTCWS.DDNAME.INPUT01, moved to TESTDATA/@007S1
2025-04-13 20:12:51.785273 - Found @007S2.txt (text/plain) in DOTCWS.DDNAME.INPUT01, moved to TESTDATA/@007S2
2025-04-13 20:12:51.785330 - Found @008S1.txt (text/plain) in DOTCWS.DDNAME.INPUT01, moved to TESTDATA/@008S1
2025-04-13 20:12:51.785386 - Found @008S2.txt (text/plain) in DOTCWS.DDNAME.INPUT01, moved to TESTDATA/@008S2
2025-04-13 20:12:51.785443 - Found @009S1.txt (text/plain) in DOTCWS.DDNAME.INPUT01, moved to TESTDATA/@009S1
2025-04-13 20:12:51.785501 - Found @009S2.txt (text/plain) in DOTCWS.DDNAME.INPUT01, moved to TESTDATA/@009S2
2025-04-13 20:12:51.785557 - Found @010S1.txt (text/plain) in DOTCWS.DDNAME.INPUT01, moved to TESTDATA/@010S1
2025-04-13 20:12:51.785612 - Found @010S2.txt (text/plain) in DOTCWS.DDNAME.INPUT01, moved to TESTDATA/@010S2
2025-04-13 20:12:51.785668 - Found @011S1.txt (text/plain) in DOTCWS.DDNAME.INPUT01, moved to TESTDATA/@011S1
2025-04-13 20:12:51.785741 - Found @011S2.txt (text/plain) in DOTCWS.DDNAME.INPUT01, moved to TESTDATA/@011S2
2025-04-13 20:12:51.785800 - Found @012S1.txt (text/plain) in DOTCWS.DDNAME.INPUT01, moved to TESTDATA/@012S1
2025-04-13 20:12:51.785857 - Found @012S2.txt (text/plain) in DOTCWS.DDNAME.INPUT01, moved to TESTDATA/@012S2
2025-04-13 20:12:51.785914 - Found @013S1.txt (text/plain) in DOTCWS.DDNAME.INPUT01, moved to TESTDATA/@013S1
2025-04-13 20:12:51.785970 - Found @013S2.txt (text/plain) in DOTCWS.DDNAME.INPUT01, moved to TESTDATA/@013S2
2025-04-13 20:12:51.786027 - Found @014S1.txt (text/plain) in DOTCWS.DDNAME.INPUT01, moved to TESTDATA/@014S1
2025-04-13 20:12:51.786083 - Found @014S2.txt (text/plain) in DOTCWS.DDNAME.INPUT01, moved to TESTDATA/@014S2
2025-04-13 20:12:51.786163 - Found @015S1.txt (text/plain) in DOTCWS.DDNAME.INPUT01, moved to TESTDATA/@015S1
2025-04-13 20:12:51.786220 - Found @015S2.txt (text/plain) in DOTCWS.DDNAME.INPUT01, moved to TESTDATA/@015S2
2025-04-13 20:12:51.786289 - Found @016S1.txt (text/plain) in DOTCWS.DDNAME.INPUT01, moved to TESTDATA/@016S1
2025-04-13 20:12:51.786351 - Found @016S2.txt (text/plain) in DOTCWS.DDNAME.INPUT01, moved to TESTDATA/@016S2
2025-04-13 20:12:51.786406 - Found @017S1.txt (text/plain) in DOTCWS.DDNAME.INPUT01, moved to TESTDATA/@017S1
2025-04-13 20:12:51.786465 - Found @017S2.txt (text/plain) in DOTCWS.DDNAME.INPUT01, moved to TESTDATA/@017S2
2025-04-13 20:12:51.786523 - Found @018S1.txt (text/plain) in DOTCWS.DDNAME.INPUT01, moved to TESTDATA/@018S1
2025-04-13 20:12:51.786580 - Found @018S2.txt (text/plain) in DOTCWS.DDNAME.INPUT01, moved to TESTDATA/@018S2
2025-04-13 20:12:51.786636 - Found @019S1.txt (text/plain) in DOTCWS.DDNAME.INPUT01, moved to TESTDATA/@019S1
2025-04-13 20:12:51.786692 - Found @019S2.txt (text/plain) in DOTCWS.DDNAME.INPUT01, moved to TESTDATA/@019S2
2025-04-13 20:12:51.786750 - Found @020S1.txt (text/plain) in DOTCWS.DDNAME.INPUT01, moved to TESTDATA/@020S1
2025-04-13 20:12:51.786807 - Found @020S2.txt (text/plain) in DOTCWS.DDNAME.INPUT01, moved to TESTDATA/@020S2
2025-04-13 20:12:51.786880 - Found @021S1.txt (text/plain) in DOTCWS.DDNAME.INPUT01, moved to TESTDATA/@021S1
2025-04-13 20:12:51.786942 - Found @021S2.txt (text/plain) in DOTCWS.DDNAME.INPUT01, moved to TESTDATA/@021S2
2025-04-13 20:12:51.787000 - Found @022S1.txt (text/plain) in DOTCWS.DDNAME.INPUT01, moved to TESTDATA/@022S1
2025-04-13 20:12:51.787094 - Found @022S2.txt (text/plain) in DOTCWS.DDNAME.INPUT01, moved to TESTDATA/@022S2
2025-04-13 20:12:51.787168 - Found @023S1.txt (text/plain) in DOTCWS.DDNAME.INPUT01, moved to TESTDATA/@023S1
2025-04-13 20:12:51.787227 - Found @023S2.txt (text/plain) in DOTCWS.DDNAME.INPUT01, moved to TESTDATA/@023S2
2025-04-13 20:12:51.787284 - Found @024S1.txt (text/plain) in DOTCWS.DDNAME.INPUT01, moved to TESTDATA/@024S1
2025-04-13 20:12:51.787340 - Found @024S2.txt (text/plain) in DOTCWS.DDNAME.INPUT01, moved to TESTDATA/@024S2
2025-04-13 20:12:51.787398 - Found @025S1.txt (text/plain) in DOTCWS.DDNAME.INPUT01, moved to TESTDATA/@025S1
2025-04-13 20:12:51.787492 - Found @025S2.txt (text/plain) in DOTCWS.DDNAME.INPUT01, moved to TESTDATA/@025S2
2025-04-13 20:12:51.787553 - Found @026S1.txt (text/plain) in DOTCWS.DDNAME.INPUT01, moved to TESTDATA/@026S1
2025-04-13 20:12:51.787613 - Found @026S2.txt (text/plain) in DOTCWS.DDNAME.INPUT01, moved to TESTDATA/@026S2
2025-04-13 20:12:51.787704 - Found @027S1.txt (text/plain) in DOTCWS.DDNAME.INPUT01, moved to TESTDATA/@027S1
2025-04-13 20:12:51.787765 - Found @027S2.txt (text/plain) in DOTCWS.DDNAME.INPUT01, moved to TESTDATA/@027S2
2025-04-13 20:12:51.787835 - Found @028S1.txt (text/plain) in DOTCWS.DDNAME.INPUT01, moved to TESTDATA/@028S1
2025-04-13 20:12:51.787895 - Found @028S2.txt (text/plain) in DOTCWS.DDNAME.INPUT01, moved to TESTDATA/@028S2
2025-04-13 20:12:51.787952 - Found @029S1.txt (text/plain) in DOTCWS.DDNAME.INPUT01, moved to TESTDATA/@029S1
2025-04-13 20:12:51.788040 - Found @029S2.txt (text/plain) in DOTCWS.DDNAME.INPUT01, moved to TESTDATA/@029S2
2025-04-13 20:12:51.788111 - Found @030S1.txt (text/plain) in DOTCWS.DDNAME.INPUT01, moved to TESTDATA/@030S1
2025-04-13 20:12:51.788170 - Found @030S2.txt (text/plain) in DOTCWS.DDNAME.INPUT01, moved to TESTDATA/@030S2
2025-04-13 20:12:51.788258 - Found @031S1.txt (text/plain) in DOTCWS.DDNAME.INPUT01, moved to TESTDATA/@031S1
2025-04-13 20:12:51.788324 - Found @031S2.txt (text/plain) in DOTCWS.DDNAME.INPUT01, moved to TESTDATA/@031S2
2025-04-13 20:12:51.788381 - Found @032S1.txt (text/plain) in DOTCWS.DDNAME.INPUT01, moved to TESTDATA/@032S1
2025-04-13 20:12:51.788438 - Found @032S2.txt (text/plain) in DOTCWS.DDNAME.INPUT01, moved to TESTDATA/@032S2
2025-04-13 20:12:51.788494 - Found @033S1.txt (text/plain) in DOTCWS.DDNAME.INPUT01, moved to TESTDATA/@033S1
2025-04-13 20:12:51.788572 - Found @033S2.txt (text/plain) in DOTCWS.DDNAME.INPUT01, moved to TESTDATA/@033S2
2025-04-13 20:12:51.788661 - Found @034S1.txt (text/plain) in DOTCWS.DDNAME.INPUT01, moved to TESTDATA/@034S1
2025-04-13 20:12:51.788719 - Found @034S2.txt (text/plain) in DOTCWS.DDNAME.INPUT01, moved to TESTDATA/@034S2
2025-04-13 20:12:51.788792 - Found @035S1.txt (text/plain) in DOTCWS.DDNAME.INPUT01, moved to TESTDATA/@035S1
2025-04-13 20:12:51.788875 - Found @035S2.txt (text/plain) in DOTCWS.DDNAME.INPUT01, moved to TESTDATA/@035S2
2025-04-13 20:12:51.788934 - Found @036S1.txt (text/plain) in DOTCWS.DDNAME.INPUT01, moved to TESTDATA/@036S1
2025-04-13 20:12:51.788992 - Found @036S2.txt (text/plain) in DOTCWS.DDNAME.INPUT01, moved to TESTDATA/@036S2
2025-04-13 20:12:51.789053 - Found @037S1.txt (text/plain) in DOTCWS.DDNAME.INPUT01, moved to TESTDATA/@037S1
2025-04-13 20:12:51.789112 - Found @037S2.txt (text/plain) in DOTCWS.DDNAME.INPUT01, moved to TESTDATA/@037S2
2025-04-13 20:12:51.789202 - Found @038S1.txt (text/plain) in DOTCWS.DDNAME.INPUT01, moved to TESTDATA/@038S1
2025-04-13 20:12:51.789264 - Found @038S2.txt (text/plain) in DOTCWS.DDNAME.INPUT01, moved to TESTDATA/@038S2
2025-04-13 20:12:51.789320 - Found @039S2.txt (text/plain) in DOTCWS.DDNAME.INPUT01, moved to TESTDATA/@039S2
2025-04-13 20:12:51.789407 - Found @040S1.txt (text/plain) in DOTCWS.DDNAME.INPUT01, moved to TESTDATA/@040S1
2025-04-13 20:12:51.789475 - Found @041S1.txt (text/plain) in DOTCWS.DDNAME.INPUT01, moved to TESTDATA/@041S1
2025-04-13 20:12:51.789533 - Found @041S2.txt (text/plain) in DOTCWS.DDNAME.INPUT01, moved to TESTDATA/@041S2
2025-04-13 20:12:51.789588 - Found @042S1.txt (text/plain) in DOTCWS.DDNAME.INPUT01, moved to TESTDATA/@042S1
2025-04-13 20:12:51.789649 - Found @042S2.txt (text/plain) in DOTCWS.DDNAME.INPUT01, moved to TESTDATA/@042S2
2025-04-13 20:12:51.789730 - Found @043S1.txt (text/plain) in DOTCWS.DDNAME.INPUT01, moved to TESTDATA/@043S1
2025-04-13 20:12:51.789806 - Found @043S2.txt (text/plain) in DOTCWS.DDNAME.INPUT01, moved to TESTDATA/@043S2
2025-04-13 20:12:51.789865 - Found @044S1.txt (text/plain) in DOTCWS.DDNAME.INPUT01, moved to TESTDATA/@044S1
2025-04-13 20:12:51.789922 - Found @044S2.txt (text/plain) in DOTCWS.DDNAME.INPUT01, moved to TESTDATA/@044S2
2025-04-13 20:12:51.790014 - Found @045S1.txt (text/plain) in DOTCWS.DDNAME.INPUT01, moved to TESTDATA/@045S1
2025-04-13 20:12:51.790080 - Found @045S2.txt (text/plain) in DOTCWS.DDNAME.INPUT01, moved to TESTDATA/@045S2
2025-04-13 20:12:51.790198 - Found @046S1.txt (text/plain) in DOTCWS.DDNAME.INPUT01, moved to TESTDATA/@046S1
2025-04-13 20:12:51.790260 - Found @046S2.txt (text/plain) in DOTCWS.DDNAME.INPUT01, moved to TESTDATA/@046S2
2025-04-13 20:12:51.790352 - Found @047S1.txt (text/plain) in DOTCWS.DDNAME.INPUT01, moved to TESTDATA/@047S1
2025-04-13 20:12:51.790414 - Found @047S2.txt (text/plain) in DOTCWS.DDNAME.INPUT01, moved to TESTDATA/@047S2
2025-04-13 20:12:51.790471 - Found @048S2.txt (text/plain) in DOTCWS.DDNAME.INPUT01, moved to TESTDATA/@048S2
2025-04-13 20:12:51.790555 - Found @049S1.txt (text/plain) in DOTCWS.DDNAME.INPUT01, moved to TESTDATA/@049S1
2025-04-13 20:12:51.790626 - Found @050S1.txt (text/plain) in DOTCWS.DDNAME.INPUT01, moved to TESTDATA/@050S1
2025-04-13 20:12:51.790682 - Found @050S2.x-empty (application/x-empty) in DOTCWS.DDNAME.INPUT01, moved to TESTDATA/@050S2
2025-04-13 20:12:51.790732 - Found @051S1.x-empty (application/x-empty) in DOTCWS.DDNAME.INPUT01, moved to TESTDATA/@051S1
2025-04-13 20:12:51.790793 - Found @051S2.txt (text/plain) in DOTCWS.DDNAME.INPUT01, moved to TESTDATA/@051S2
2025-04-13 20:12:51.790870 - Found @052S1.x-empty (application/x-empty) in DOTCWS.DDNAME.INPUT01, moved to TESTDATA/@052S1
2025-04-13 20:12:51.790943 - Found @052S2.x-empty (application/x-empty) in DOTCWS.DDNAME.INPUT01, moved to TESTDATA/@052S2
2025-04-13 20:12:51.791002 - Found @053S1.txt (text/plain) in DOTCWS.DDNAME.INPUT01, moved to TESTDATA/@053S1
2025-04-13 20:12:51.791064 - Found @053S2.txt (text/plain) in DOTCWS.DDNAME.INPUT01, moved to TESTDATA/@053S2
2025-04-13 20:12:51.791165 - Found COMPARE.txt (text/plain) in DOTCWS.DDNAME.INPUT01, moved to TESTDATA/COMPARE
2025-04-13 20:12:51.791263 - Found MTCHTST0.txt (text/plain) in DOTCWS.DDNAME.INPUT01, moved to TESTDATA/MTCHTST0
2025-04-13 20:12:51.791328 - Found MTCHTST1.txt (text/plain) in DOTCWS.DDNAME.INPUT01, moved to TESTDATA/MTCHTST1
2025-04-13 20:12:51.791456 - Found MTCHTST2.txt (text/plain) in DOTCWS.DDNAME.INPUT01, moved to TESTDATA/MTCHTST2
2025-04-13 20:12:51.791547 - Found MTCHTST3.txt (text/plain) in DOTCWS.DDNAME.INPUT01, moved to TESTDATA/MTCHTST3
2025-04-13 20:12:51.791640 - Found MTCHTST4.txt (text/plain) in DOTCWS.DDNAME.INPUT01, moved to TESTDATA/MTCHTST4
2025-04-13 20:12:51.791724 - Found MTCHTST5.txt (text/plain) in DOTCWS.DDNAME.INPUT01, moved to TESTDATA/MTCHTST5
2025-04-13 20:12:51.791787 - Found MTCHTST6.txt (text/plain) in DOTCWS.DDNAME.INPUT01, moved to TESTDATA/MTCHTST6
